<?xml version="1.0" encoding="UTF-8"?>
<testng-results ignored="0" total="1" passed="0" failed="1" skipped="0">
  <reporter-output>
  </reporter-output>
  <suite started-at="2021-03-27T17:42:48 IST" name="Default suite" finished-at="2021-03-27T17:43:16 IST" duration-ms="27384">
    <groups>
    </groups>
    <test started-at="2021-03-27T17:42:48 IST" name="Default test" finished-at="2021-03-27T17:43:16 IST" duration-ms="27384">
      <class name="TestNG_01.ActiTImeLogin">
        <test-method is-config="true" signature="OpenApplication()[pri:0, instance:TestNG_01.ActiTImeLogin@6ce139a4]" started-at="2021-03-27T17:42:48 IST" name="OpenApplication" finished-at="2021-03-27T17:43:02 IST" duration-ms="13620" status="PASS">
          <reporter-output>
          </reporter-output>
        </test-method> <!-- OpenApplication -->
        <test-method signature="login()[pri:0, instance:TestNG_01.ActiTImeLogin@6ce139a4]" started-at="2021-03-27T17:43:02 IST" name="login" finished-at="2021-03-27T17:43:12 IST" duration-ms="9517" status="FAIL">
          <exception class="java.lang.AssertionError">
            <message>
              <![CDATA[expected [qwery4556] but found [https://demo.actitime.com/login.do]]]>
            </message>
            <full-stacktrace>
              <![CDATA[java.lang.AssertionError: expected [qwery4556] but found [https://demo.actitime.com/login.do]
at org.testng.Assert.fail(Assert.java:99)
at org.testng.Assert.failNotEquals(Assert.java:1037)
at org.testng.Assert.assertEqualsImpl(Assert.java:140)
at org.testng.Assert.assertEquals(Assert.java:122)
at org.testng.Assert.assertEquals(Assert.java:629)
at org.testng.Assert.assertEquals(Assert.java:639)
at TestNG_01.ActiTImeLogin.login(ActiTImeLogin.java:27)
at java.base/jdk.internal.reflect.NativeMethodAccessorImpl.invoke0(Native Method)
at java.base/jdk.internal.reflect.NativeMethodAccessorImpl.invoke(NativeMethodAccessorImpl.java:64)
at java.base/jdk.internal.reflect.DelegatingMethodAccessorImpl.invoke(DelegatingMethodAccessorImpl.java:43)
at java.base/java.lang.reflect.Method.invoke(Method.java:564)
at org.testng.internal.MethodInvocationHelper.invokeMethod(MethodInvocationHelper.java:132)
at org.testng.internal.TestInvoker.invokeMethod(TestInvoker.java:599)
at org.testng.internal.TestInvoker.invokeTestMethod(TestInvoker.java:174)
at org.testng.internal.MethodRunner.runInSequence(MethodRunner.java:46)
at org.testng.internal.TestInvoker$MethodInvocationAgent.invoke(TestInvoker.java:822)
at org.testng.internal.TestInvoker.invokeTestMethods(TestInvoker.java:147)
at org.testng.internal.TestMethodWorker.invokeTestMethods(TestMethodWorker.java:146)
at org.testng.internal.TestMethodWorker.run(TestMethodWorker.java:128)
at java.base/java.util.ArrayList.forEach(ArrayList.java:1511)
at org.testng.TestRunner.privateRun(TestRunner.java:764)
at org.testng.TestRunner.run(TestRunner.java:585)
at org.testng.SuiteRunner.runTest(SuiteRunner.java:384)
at org.testng.SuiteRunner.runSequentially(SuiteRunner.java:378)
at org.testng.SuiteRunner.privateRun(SuiteRunner.java:337)
at org.testng.SuiteRunner.run(SuiteRunner.java:286)
at org.testng.SuiteRunnerWorker.runSuite(SuiteRunnerWorker.java:53)
at org.testng.SuiteRunnerWorker.run(SuiteRunnerWorker.java:96)
at org.testng.TestNG.runSuitesSequentially(TestNG.java:1218)
at org.testng.TestNG.runSuitesLocally(TestNG.java:1140)
at org.testng.TestNG.runSuites(TestNG.java:1069)
at org.testng.TestNG.run(TestNG.java:1037)
at org.testng.remote.AbstractRemoteTestNG.run(AbstractRemoteTestNG.java:115)
at org.testng.remote.RemoteTestNG.initAndRun(RemoteTestNG.java:251)
at org.testng.remote.RemoteTestNG.main(RemoteTestNG.java:77)
]]>
            </full-stacktrace>
          </exception> <!-- java.lang.AssertionError -->
          <reporter-output>
          </reporter-output>
        </test-method> <!-- login -->
        <test-method is-config="true" signature="CloseApplication()[pri:0, instance:TestNG_01.ActiTImeLogin@6ce139a4]" started-at="2021-03-27T17:43:12 IST" name="CloseApplication" finished-at="2021-03-27T17:43:16 IST" duration-ms="4162" status="PASS">
          <reporter-output>
          </reporter-output>
        </test-method> <!-- CloseApplication -->
      </class> <!-- TestNG_01.ActiTImeLogin -->
    </test> <!-- Default test -->
  </suite> <!-- Default suite -->
</testng-results>
